2017-11-12 14:41:00,977 INFO org.apache.hadoop.mapred.JobTracker: STARTUP_MSG: 
/************************************************************
STARTUP_MSG: Starting JobTracker
STARTUP_MSG:   host = hadoop-master/192.168.252.131
STARTUP_MSG:   args = []
STARTUP_MSG:   version = 1.2.1
STARTUP_MSG:   build = https://svn.apache.org/repos/asf/hadoop/common/branches/branch-1.2 -r 1503152; compiled by 'mattf' on Mon Jul 22 15:23:09 PDT 2013
STARTUP_MSG:   java = 1.8.0_152
************************************************************/
2017-11-12 14:41:01,031 INFO org.apache.hadoop.metrics2.impl.MetricsConfig: loaded properties from hadoop-metrics2.properties
2017-11-12 14:41:01,037 INFO org.apache.hadoop.metrics2.impl.MetricsSourceAdapter: MBean for source MetricsSystem,sub=Stats registered.
2017-11-12 14:41:01,038 INFO org.apache.hadoop.metrics2.impl.MetricsSystemImpl: Scheduled snapshot period at 10 second(s).
2017-11-12 14:41:01,038 INFO org.apache.hadoop.metrics2.impl.MetricsSystemImpl: JobTracker metrics system started
2017-11-12 14:41:01,064 INFO org.apache.hadoop.metrics2.impl.MetricsSourceAdapter: MBean for source QueueMetrics,q=default registered.
2017-11-12 14:41:01,273 INFO org.apache.hadoop.metrics2.impl.MetricsSourceAdapter: MBean for source ugi registered.
2017-11-12 14:41:01,274 WARN org.apache.hadoop.metrics2.impl.MetricsSystemImpl: Source name ugi already exists!
2017-11-12 14:41:01,275 INFO org.apache.hadoop.security.token.delegation.AbstractDelegationTokenSecretManager: Updating the current master key for generating delegation tokens
2017-11-12 14:41:01,276 INFO org.apache.hadoop.security.token.delegation.AbstractDelegationTokenSecretManager: Starting expired delegation token remover thread, tokenRemoverScanInterval=60 min(s)
2017-11-12 14:41:01,277 INFO org.apache.hadoop.security.token.delegation.AbstractDelegationTokenSecretManager: Updating the current master key for generating delegation tokens
2017-11-12 14:41:01,277 INFO org.apache.hadoop.mapred.JobTracker: Scheduler configured with (memSizeForMapSlotOnJT, memSizeForReduceSlotOnJT, limitMaxMemForMapTasks, limitMaxMemForReduceTasks) (-1, -1, -1, -1)
2017-11-12 14:41:01,280 INFO org.apache.hadoop.util.HostsFileReader: Refreshing hosts (include/exclude) list
2017-11-12 14:41:01,290 INFO org.apache.hadoop.mapred.JobTracker: Starting jobtracker with owner as hadoop
2017-11-12 14:41:01,305 INFO org.apache.hadoop.ipc.Server: Starting SocketReader
2017-11-12 14:41:01,306 INFO org.apache.hadoop.metrics2.impl.MetricsSourceAdapter: MBean for source RpcDetailedActivityForPort9001 registered.
2017-11-12 14:41:01,306 INFO org.apache.hadoop.metrics2.impl.MetricsSourceAdapter: MBean for source RpcActivityForPort9001 registered.
2017-11-12 14:41:01,363 INFO org.mortbay.log: Logging to org.slf4j.impl.Log4jLoggerAdapter(org.mortbay.log) via org.mortbay.log.Slf4jLog
2017-11-12 14:41:01,393 INFO org.apache.hadoop.http.HttpServer: Added global filtersafety (class=org.apache.hadoop.http.HttpServer$QuotingInputFilter)
2017-11-12 14:41:01,394 INFO org.apache.hadoop.http.HttpServer: Port returned by webServer.getConnectors()[0].getLocalPort() before open() is -1. Opening the listener on 50030
2017-11-12 14:41:01,395 INFO org.apache.hadoop.http.HttpServer: listener.getLocalPort() returned 50030 webServer.getConnectors()[0].getLocalPort() returned 50030
2017-11-12 14:41:01,395 INFO org.apache.hadoop.http.HttpServer: Jetty bound to port 50030
2017-11-12 14:41:01,395 INFO org.mortbay.log: jetty-6.1.26
2017-11-12 14:41:01,539 INFO org.mortbay.log: Started SelectChannelConnector@0.0.0.0:50030
2017-11-12 14:41:01,557 INFO org.apache.hadoop.metrics2.impl.MetricsSourceAdapter: MBean for source jvm registered.
2017-11-12 14:41:01,558 INFO org.apache.hadoop.metrics2.impl.MetricsSourceAdapter: MBean for source JobTrackerMetrics registered.
2017-11-12 14:41:01,568 INFO org.apache.hadoop.mapred.JobTracker: JobTracker up at: 9001
2017-11-12 14:41:01,568 INFO org.apache.hadoop.mapred.JobTracker: JobTracker webserver: 50030
2017-11-12 14:41:01,575 INFO org.apache.hadoop.ipc.Server: IPC Server Responder: starting
2017-11-12 14:41:01,578 INFO org.apache.hadoop.ipc.Server: IPC Server listener on 9001: starting
2017-11-12 14:41:01,579 INFO org.apache.hadoop.ipc.Server: IPC Server handler 0 on 9001: starting
2017-11-12 14:41:01,579 INFO org.apache.hadoop.ipc.Server: IPC Server handler 1 on 9001: starting
2017-11-12 14:41:01,579 INFO org.apache.hadoop.ipc.Server: IPC Server handler 2 on 9001: starting
2017-11-12 14:41:01,579 INFO org.apache.hadoop.ipc.Server: IPC Server handler 3 on 9001: starting
2017-11-12 14:41:01,579 INFO org.apache.hadoop.ipc.Server: IPC Server handler 4 on 9001: starting
2017-11-12 14:41:01,579 INFO org.apache.hadoop.ipc.Server: IPC Server handler 5 on 9001: starting
2017-11-12 14:41:01,580 INFO org.apache.hadoop.ipc.Server: IPC Server handler 6 on 9001: starting
2017-11-12 14:41:01,580 INFO org.apache.hadoop.ipc.Server: IPC Server handler 7 on 9001: starting
2017-11-12 14:41:01,580 INFO org.apache.hadoop.ipc.Server: IPC Server handler 8 on 9001: starting
2017-11-12 14:41:01,580 INFO org.apache.hadoop.mapred.JobTracker: Setting safe mode to true. Requested by : hadoop
2017-11-12 14:41:01,586 INFO org.apache.hadoop.ipc.Server: IPC Server handler 9 on 9001: starting
2017-11-12 14:41:01,651 INFO org.apache.hadoop.mapred.JobTracker: HDFS initialized but not 'healthy' yet, waiting...
2017-11-12 14:41:02,688 INFO org.apache.hadoop.mapred.JobTracker: HDFS initialized but not 'healthy' yet, waiting...
2017-11-12 14:41:03,702 INFO org.apache.hadoop.mapred.JobTracker: HDFS initialized but not 'healthy' yet, waiting...
2017-11-12 14:41:04,716 INFO org.apache.hadoop.mapred.JobTracker: HDFS initialized but not 'healthy' yet, waiting...
2017-11-12 14:41:05,725 INFO org.apache.hadoop.mapred.JobTracker: HDFS initialized but not 'healthy' yet, waiting...
2017-11-12 14:41:06,733 INFO org.apache.hadoop.mapred.JobTracker: HDFS initialized but not 'healthy' yet, waiting...
2017-11-12 14:41:07,746 INFO org.apache.hadoop.mapred.JobTracker: HDFS initialized but not 'healthy' yet, waiting...
2017-11-12 14:41:08,754 INFO org.apache.hadoop.mapred.JobTracker: HDFS initialized but not 'healthy' yet, waiting...
2017-11-12 14:41:09,764 INFO org.apache.hadoop.mapred.JobTracker: HDFS initialized but not 'healthy' yet, waiting...
2017-11-12 14:41:17,538 INFO org.apache.hadoop.mapred.JobTracker: HDFS initialized but not 'healthy' yet, waiting...
2017-11-12 14:41:18,546 INFO org.apache.hadoop.mapred.JobTracker: HDFS initialized but not 'healthy' yet, waiting...
2017-11-12 14:41:19,554 INFO org.apache.hadoop.mapred.JobTracker: HDFS initialized but not 'healthy' yet, waiting...
2017-11-12 14:41:20,562 INFO org.apache.hadoop.mapred.JobTracker: HDFS initialized but not 'healthy' yet, waiting...
2017-11-12 14:41:21,574 INFO org.apache.hadoop.mapred.JobTracker: HDFS initialized but not 'healthy' yet, waiting...
2017-11-12 14:41:22,581 INFO org.apache.hadoop.mapred.JobTracker: HDFS initialized but not 'healthy' yet, waiting...
2017-11-12 14:41:23,592 INFO org.apache.hadoop.mapred.JobTracker: HDFS initialized but not 'healthy' yet, waiting...
2017-11-12 14:41:24,598 INFO org.apache.hadoop.mapred.JobTracker: Setting safe mode to false. Requested by : hadoop
2017-11-12 14:41:24,628 INFO org.apache.hadoop.mapred.JobTracker: Cleaning up the system directory
2017-11-12 14:41:24,653 INFO org.apache.hadoop.mapred.JobHistory: Job History MaxAge is 2592000000 ms (30.00 days), Cleanup Frequency is 86400000 ms (1.00 days)
2017-11-12 14:41:24,654 INFO org.apache.hadoop.mapred.JobTracker: History server being initialized in embedded mode
2017-11-12 14:41:24,655 INFO org.apache.hadoop.mapred.JobHistoryServer: Started job history server at: localhost:50030
2017-11-12 14:41:24,655 INFO org.apache.hadoop.mapred.JobTracker: Job History Server web address: localhost:50030
2017-11-12 14:41:24,656 INFO org.apache.hadoop.mapred.CompletedJobStatusStore: Completed job store is inactive
2017-11-12 14:41:24,739 INFO org.apache.hadoop.mapred.JobTracker: Starting the recovery process for 0 jobs ...
2017-11-12 14:41:24,739 INFO org.apache.hadoop.mapred.JobTracker: Recovery done! Recoverd 0 of 0 jobs.
2017-11-12 14:41:24,739 INFO org.apache.hadoop.mapred.JobTracker: Recovery Duration (ms):0
2017-11-12 14:41:24,739 INFO org.apache.hadoop.mapred.JobTracker: Refreshing hosts information
2017-11-12 14:41:24,746 INFO org.apache.hadoop.util.HostsFileReader: Setting the includes file to 
2017-11-12 14:41:24,746 INFO org.apache.hadoop.util.HostsFileReader: Setting the excludes file to 
2017-11-12 14:41:24,746 INFO org.apache.hadoop.util.HostsFileReader: Refreshing hosts (include/exclude) list
2017-11-12 14:41:24,746 INFO org.apache.hadoop.mapred.JobTracker: Decommissioning 0 nodes
2017-11-12 14:41:24,746 INFO org.apache.hadoop.mapred.JobTracker: Starting RUNNING
2017-11-12 14:41:25,110 INFO org.apache.hadoop.net.NetworkTopology: Adding a new node: /default-rack/hadoop-worker02
2017-11-12 14:41:25,111 INFO org.apache.hadoop.mapred.JobTracker: Adding tracker tracker_hadoop-worker02:localhost/127.0.0.1:42636 to host hadoop-worker02
2017-11-12 14:41:25,717 INFO org.apache.hadoop.net.NetworkTopology: Adding a new node: /default-rack/hadoop-worker03
2017-11-12 14:41:25,717 INFO org.apache.hadoop.mapred.JobTracker: Adding tracker tracker_hadoop-worker03:localhost/127.0.0.1:43237 to host hadoop-worker03
2017-11-12 14:41:26,138 INFO org.apache.hadoop.net.NetworkTopology: Adding a new node: /default-rack/hadoop-worker01
2017-11-12 14:41:26,139 INFO org.apache.hadoop.mapred.JobTracker: Adding tracker tracker_hadoop-worker01:localhost/127.0.0.1:36766 to host hadoop-worker01
2017-11-12 14:44:41,603 INFO org.apache.hadoop.mapred.JobTracker: SHUTDOWN_MSG: 
/************************************************************
SHUTDOWN_MSG: Shutting down JobTracker at hadoop-master/192.168.252.131
************************************************************/
